[0725/160919:ERROR:process_info.cc(330)] VirtualQueryEx: Отказано в доступе. (0x5)
[0725/160919:ERROR:process_info.cc(547)] ReadMemoryInfo failed
[0725/160919:ERROR:process_info.cc(608)] range at 0x0, size 0x40 fully unreadable
[0725/160919:ERROR:process_reader_win.cc(232)] ReadMemory at 0x0 of 64 bytes failed: Запрос ReadProcessMemory или WriteProcessMemory был выполнен только частично. (0x12B)
[0725/160919:ERROR:process_snapshot_win.cc(357)] ReadMemory PEB_LDR_DATA
[0725/160919:ERROR:process_reader_win.cc(232)] ReadMemory at 0x0 of 1004 bytes failed: Запрос ReadProcessMemory или WriteProcessMemory был выполнен только частично. (0x12B)
[0725/160919:ERROR:process_snapshot_win.cc(380)] ReadMemory RTL_USER_PROCESS_PARAMETERS
[0725/160919:ERROR:process_reader_win.cc(232)] ReadMemory at 0x7ff795620000 of 64 bytes failed: Запрос ReadProcessMemory или WriteProcessMemory был выполнен только частично. (0x12B)
[0725/160919:WARNING:pe_image_reader.cc(280)] could not read dos header from C:\Program Files (x86)\Google\Chrome\Application\chrome.exe
[0725/160919:ERROR:process_reader_win.cc(232)] ReadMemory at 0x7ffdd7300000 of 64 bytes failed: Запрос ReadProcessMemory или WriteProcessMemory был выполнен только частично. (0x12B)
[0725/160919:WARNING:pe_image_reader.cc(280)] could not read dos header from C:\Windows\SYSTEM32\ntdll.dll
[0725/160919:ERROR:process_reader_win.cc(232)] ReadMemory at 0x7ffdd4870000 of 64 bytes failed: Запрос ReadProcessMemory или WriteProcessMemory был выполнен только частично. (0x12B)
[0725/160919:WARNING:pe_image_reader.cc(280)] could not read dos header from C:\Windows\system32\KERNELBASE.dll
[0725/160919:ERROR:process_reader_win.cc(232)] ReadMemory at 0x7ffdd7050000 of 64 bytes failed: Запрос ReadProcessMemory или WriteProcessMemory был выполнен только частично. (0x12B)
[0725/160919:WARNING:pe_image_reader.cc(280)] could not read dos header from C:\Windows\system32\KERNEL32.dll
[0725/160919:ERROR:process_reader_win.cc(232)] ReadMemory at 0x7ffdd7190000 of 64 bytes failed: Запрос ReadProcessMemory или WriteProcessMemory был выполнен только частично. (0x12B)
[0725/160919:WARNING:pe_image_reader.cc(280)] could not read dos header from C:\Windows\system32\msvcrt.dll
[0725/160919:ERROR:process_reader_win.cc(232)] ReadMemory at 0x7ffdd45b0000 of 64 bytes failed: Запрос ReadProcessMemory или WriteProcessMemory был выполнен только частично. (0x12B)
[0725/160919:WARNING:pe_image_reader.cc(280)] could not read dos header from C:\Windows\system32\SspiCli.dll
[0725/160919:ERROR:process_reader_win.cc(232)] ReadMemory at 0x7ffdd5220000 of 64 bytes failed: Запрос ReadProcessMemory или WriteProcessMemory был выполнен только частично. (0x12B)
[0725/160919:WARNING:pe_image_reader.cc(280)] could not read dos header from C:\Windows\system32\RPCRT4.dll
[0725/160919:ERROR:process_reader_win.cc(232)] ReadMemory at 0x7ffdd6c30000 of 64 bytes failed: Запрос ReadProcessMemory или WriteProcessMemory был выполнен только частично. (0x12B)
[0725/160919:WARNING:pe_image_reader.cc(280)] could not read dos header from C:\Windows\SYSTEM32\sechost.dll
[0725/160919:ERROR:process_reader_win.cc(232)] ReadMemory at 0x7ffdd6d70000 of 64 bytes failed: Запрос ReadProcessMemory или WriteProcessMemory был выполнен только частично. (0x12B)
[0725/160919:WARNING:pe_image_reader.cc(280)] could not read dos header from C:\Windows\system32\ADVAPI32.dll
[0725/160919:ERROR:process_reader_win.cc(232)] ReadMemory at 0x7ffdd4230000 of 64 bytes failed: Запрос ReadProcessMemory или WriteProcessMemory был выполнен только частично. (0x12B)
[0725/160919:WARNING:pe_image_reader.cc(280)] could not read dos header from C:\Windows\SYSTEM32\bcryptPrimitives.dll
[0725/160919:ERROR:process_reader_win.cc(232)] ReadMemory at 0x7ffdd42a0000 of 64 bytes failed: Запрос ReadProcessMemory или WriteProcessMemory был выполнен только частично. (0x12B)
[0725/160919:WARNING:pe_image_reader.cc(280)] could not read dos header from C:\Windows\SYSTEM32\CRYPTBASE.DLL
[0725/160919:ERROR:process_reader_win.cc(232)] ReadMemory at 0x7ffdca230000 of 64 bytes failed: Запрос ReadProcessMemory или WriteProcessMemory был выполнен только частично. (0x12B)
[0725/160919:WARNING:pe_image_reader.cc(280)] could not read dos header from C:\Program Files (x86)\Google\Chrome\Application\51.0.2704.106\chrome_elf.dll
[0725/160919:ERROR:process_reader_win.cc(232)] ReadMemory at 0x7ffdd1fb0000 of 64 bytes failed: Запрос ReadProcessMemory или WriteProcessMemory был выполнен только частично. (0x12B)
[0725/160919:WARNING:pe_image_reader.cc(280)] could not read dos header from C:\Windows\SYSTEM32\VERSION.dll
[0725/160919:ERROR:process_reader_win.cc(232)] ReadMemory at 0x7ffdd4560000 of 64 bytes failed: Запрос ReadProcessMemory или WriteProcessMemory был выполнен только частично. (0x12B)
[0725/160919:WARNING:pe_image_reader.cc(280)] could not read dos header from C:\Windows\SYSTEM32\cfgmgr32.dll
[0725/160919:ERROR:process_reader_win.cc(232)] ReadMemory at 0x7ffdd3320000 of 64 bytes failed: Запрос ReadProcessMemory или WriteProcessMemory был выполнен только частично. (0x12B)
[0725/160919:WARNING:pe_image_reader.cc(280)] could not read dos header from C:\Windows\SYSTEM32\DEVOBJ.dll
[0725/160919:ERROR:process_reader_win.cc(232)] ReadMemory at 0x7ffdd1b70000 of 64 bytes failed: Запрос ReadProcessMemory или WriteProcessMemory был выполнен только частично. (0x12B)
[0725/160919:WARNING:pe_image_reader.cc(280)] could not read dos header from C:\Windows\SYSTEM32\WINMMBASE.dll
[0725/160919:ERROR:process_reader_win.cc(232)] ReadMemory at 0x7ffdd68d0000 of 64 bytes failed: Запрос ReadProcessMemory или WriteProcessMemory был выполнен только частично. (0x12B)
[0725/160919:WARNING:pe_image_reader.cc(280)] could not read dos header from C:\Windows\system32\GDI32.dll
[0725/160919:ERROR:process_reader_win.cc(232)] ReadMemory at 0x7ffdd50a0000 of 64 bytes failed: Запрос ReadProcessMemory или WriteProcessMemory был выполнен только частично. (0x12B)
[0725/160919:WARNING:pe_image_reader.cc(280)] could not read dos header from C:\Windows\system32\USER32.dll
[0725/160919:ERROR:process_reader_win.cc(232)] ReadMemory at 0x7ffdd49a0000 of 64 bytes failed: Запрос ReadProcessMemory или WriteProcessMemory был выполнен только частично. (0x12B)
[0725/160919:WARNING:pe_image_reader.cc(280)] could not read dos header from C:\Windows\system32\MSCTF.dll
[0725/160919:ERROR:process_reader_win.cc(232)] ReadMemory at 0x7ffdd5360000 of 64 bytes failed: Запрос ReadProcessMemory или WriteProcessMemory был выполнен только частично. (0x12B)
[0725/160919:WARNING:pe_image_reader.cc(280)] could not read dos header from C:\Windows\system32\IMM32.DLL
[0725/160919:ERROR:process_reader_win.cc(232)] ReadMemory at 0x7ffdd1f80000 of 64 bytes failed: Запрос ReadProcessMemory или WriteProcessMemory был выполнен только частично. (0x12B)
[0725/160919:WARNING:pe_image_reader.cc(280)] could not read dos header from C:\Windows\SYSTEM32\WINMM.dll
[0725/160919:ERROR:process_reader_win.cc(232)] ReadMemory at 0x7ffdd4430000 of 64 bytes failed: Запрос ReadProcessMemory или WriteProcessMemory был выполнен только частично. (0x12B)
[0725/160919:WARNING:pe_image_reader.cc(280)] could not read dos header from C:\Windows\SYSTEM32\profapi.dll
[0725/160919:ERROR:process_reader_win.cc(232)] ReadMemory at 0x7ffdd3a00000 of 64 bytes failed: Запрос ReadProcessMemory или WriteProcessMemory был выполнен только частично. (0x12B)
[0725/160919:WARNING:pe_image_reader.cc(280)] could not read dos header from C:\Windows\SYSTEM32\USERENV.dll
[0725/160919:ERROR:process_reader_win.cc(232)] ReadMemory at 0x7ffdd2530000 of 64 bytes failed: Запрос ReadProcessMemory или WriteProcessMemory был выполнен только частично. (0x12B)
[0725/160919:WARNING:pe_image_reader.cc(280)] could not read dos header from C:\Windows\SYSTEM32\WTSAPI32.dll
[0725/160919:ERROR:process_reader_win.cc(232)] ReadMemory at 0x7ffdd6e30000 of 64 bytes failed: Запрос ReadProcessMemory или WriteProcessMemory был выполнен только частично. (0x12B)
[0725/160919:WARNING:pe_image_reader.cc(280)] could not read dos header from C:\Windows\SYSTEM32\combase.dll
[0725/160919:ERROR:process_reader_win.cc(232)] ReadMemory at 0x7ffdcb9a0000 of 64 bytes failed: Запрос ReadProcessMemory или WriteProcessMemory был выполнен только частично. (0x12B)
[0725/160919:WARNING:pe_image_reader.cc(280)] could not read dos header from C:\Windows\SYSTEM32\WINHTTP.dll
[0725/160919:ERROR:process_reader_win.cc(232)] ReadMemory at 0x7ffdd6a20000 of 64 bytes failed: Запрос ReadProcessMemory или WriteProcessMemory был выполнен только частично. (0x12B)
[0725/160919:WARNING:pe_image_reader.cc(280)] could not read dos header from C:\Windows\system32\SHLWAPI.dll
[0725/160919:ERROR:process_reader_win.cc(232)] ReadMemory at 0x7ffdd53a0000 of 64 bytes failed: Запрос ReadProcessMemory или WriteProcessMemory был выполнен только частично. (0x12B)
[0725/160919:WARNING:pe_image_reader.cc(280)] could not read dos header from C:\Windows\system32\SHELL32.dll
[0725/160919:ERROR:process_reader_win.cc(232)] ReadMemory at 0x7ffdd29d0000 of 64 bytes failed: Запрос ReadProcessMemory или WriteProcessMemory был выполнен только частично. (0x12B)
[0725/160919:WARNING:pe_image_reader.cc(280)] could not read dos header from C:\Windows\SYSTEM32\shcore.dll
[0725/160919:ERROR:process_reader_win.cc(232)] ReadMemory at 0x7ffdd4b60000 of 64 bytes failed: Запрос ReadProcessMemory или WriteProcessMemory был выполнен только частично. (0x12B)
[0725/160919:WARNING:pe_image_reader.cc(280)] could not read dos header from C:\Windows\system32\PSAPI.DLL
[0725/160919:ERROR:process_reader_win.cc(232)] ReadMemory at 0x7ffdd1a30000 of 64 bytes failed: Запрос ReadProcessMemory или WriteProcessMemory был выполнен только частично. (0x12B)
[0725/160919:WARNING:pe_image_reader.cc(280)] could not read dos header from C:\Windows\SYSTEM32\WINSPOOL.DRV
[0725/160919:ERROR:process_reader_win.cc(232)] ReadMemory at 0x7ffdd2550000 of 64 bytes failed: Запрос ReadProcessMemory или WriteProcessMemory был выполнен только частично. (0x12B)
[0725/160919:WARNING:pe_image_reader.cc(280)] could not read dos header from C:\Windows\WinSxS\amd64_microsoft.windows.common-controls_6595b64144ccf1df_6.0.9600.18006_none_623f33d3ecbe86e8\COMCTL32.dll
[0725/160919:ERROR:process_reader_win.cc(232)] ReadMemory at 0x7ffdd6a80000 of 64 bytes failed: Запрос ReadProcessMemory или WriteProcessMemory был выполнен только частично. (0x12B)
[0725/160919:WARNING:pe_image_reader.cc(280)] could not read dos header from C:\Windows\system32\COMDLG32.dll
[0725/160919:ERROR:process_reader_win.cc(232)] ReadMemory at 0x7ffdd4b70000 of 64 bytes failed: Запрос ReadProcessMemory или WriteProcessMemory был выполнен только частично. (0x12B)
[0725/160919:WARNING:pe_image_reader.cc(280)] could not read dos header from C:\Windows\system32\ole32.dll
[0725/160919:ERROR:process_reader_win.cc(232)] ReadMemory at 0x7ffdd6ca0000 of 64 bytes failed: Запрос ReadProcessMemory или WriteProcessMemory был выполнен только частично. (0x12B)
[0725/160919:WARNING:pe_image_reader.cc(280)] could not read dos header from C:\Windows\system32\OLEAUT32.dll
[0725/160919:ERROR:process_reader_win.cc(232)] ReadMemory at 0x7ffdd6c90000 of 64 bytes failed: Запрос ReadProcessMemory или WriteProcessMemory был выполнен только частично. (0x12B)
[0725/160919:WARNING:pe_image_reader.cc(280)] could not read dos header from C:\Windows\system32\NSI.dll
[0725/160919:ERROR:process_reader_win.cc(232)] ReadMemory at 0x7ffdcebf0000 of 64 bytes failed: Запрос ReadProcessMemory или WriteProcessMemory был выполнен только частично. (0x12B)
[0725/160919:WARNING:pe_image_reader.cc(280)] could not read dos header from C:\Windows\SYSTEM32\WINNSI.DLL
[0725/160919:ERROR:process_reader_win.cc(232)] ReadMemory at 0x7ffdcec20000 of 64 bytes failed: Запрос ReadProcessMemory или WriteProcessMemory был выполнен только частично. (0x12B)
[0725/160919:WARNING:pe_image_reader.cc(280)] could not read dos header from C:\Windows\SYSTEM32\IPHLPAPI.DLL
[0725/160919:ERROR:process_reader_win.cc(232)] ReadMemory at 0x7ffdd4b00000 of 64 bytes failed: Запрос ReadProcessMemory или WriteProcessMemory был выполнен только частично. (0x12B)
[0725/160919:WARNING:pe_image_reader.cc(280)] could not read dos header from C:\Windows\system32\WS2_32.dll
[0725/160919:ERROR:process_reader_win.cc(232)] ReadMemory at 0x7ffdd0d40000 of 64 bytes failed: Запрос ReadProcessMemory или WriteProcessMemory был выполнен только частично. (0x12B)
[0725/160919:WARNING:pe_image_reader.cc(280)] could not read dos header from C:\Windows\SYSTEM32\USP10.dll
[0725/160919:ERROR:process_reader_win.cc(232)] ReadMemory at 0x7ffdd44e0000 of 64 bytes failed: Запрос ReadProcessMemory или WriteProcessMemory был выполнен только частично. (0x12B)
[0725/160919:WARNING:pe_image_reader.cc(280)] could not read dos header from C:\Windows\system32\MSASN1.dll
[0725/160919:ERROR:process_reader_win.cc(232)] ReadMemory at 0x7ffdd45e0000 of 64 bytes failed: Запрос ReadProcessMemory или WriteProcessMemory был выполнен только частично. (0x12B)
[0725/160919:WARNING:pe_image_reader.cc(280)] could not read dos header from C:\Windows\system32\CRYPT32.dll
[0725/160919:ERROR:process_reader_win.cc(232)] ReadMemory at 0x7ffdd4500000 of 64 bytes failed: Запрос ReadProcessMemory или WriteProcessMemory был выполнен только частично. (0x12B)
[0725/160919:WARNING:pe_image_reader.cc(280)] could not read dos header from C:\Windows\system32\WINTRUST.dll
[0725/160919:ERROR:process_reader_win.cc(232)] ReadMemory at 0x7ffdd0ea0000 of 64 bytes failed: Запрос ReadProcessMemory или WriteProcessMemory был выполнен только частично. (0x12B)
[0725/160919:WARNING:pe_image_reader.cc(280)] could not read dos header from C:\Windows\SYSTEM32\Secur32.dll
[0725/160919:ERROR:process_reader_win.cc(232)] ReadMemory at 0x7ffdb5c90000 of 64 bytes failed: Запрос ReadProcessMemory или WriteProcessMemory был выполнен только частично. (0x12B)
[0725/160919:WARNING:pe_image_reader.cc(280)] could not read dos header from C:\Program Files (x86)\Google\Chrome\Application\51.0.2704.106\chrome_child.dll
[0725/160919:ERROR:process_reader_win.cc(232)] ReadMemory at 0x7ffdc8180000 of 64 bytes failed: Запрос ReadProcessMemory или WriteProcessMemory был выполнен только частично. (0x12B)
[0725/160919:WARNING:pe_image_reader.cc(280)] could not read dos header from C:\Program Files\AVAST Software\Avast\x64\aswJsFlt.dll
[0725/160919:ERROR:process_reader_win.cc(232)] ReadMemory at 0x7ffdd1260000 of 64 bytes failed: Запрос ReadProcessMemory или WriteProcessMemory был выполнен только частично. (0x12B)
[0725/160919:WARNING:pe_image_reader.cc(280)] could not read dos header from C:\Windows\SYSTEM32\dwrite.dll
[0725/160919:ERROR:process_reader_win.cc(232)] ReadMemory at 0x7ffdd74314a0 of 6656 bytes failed: Запрос ReadProcessMemory или WriteProcessMemory был выполнен только частично. (0x12B)
[0725/160919:ERROR:process_reader_win.cc(232)] ReadMemory at 0x7ff795620000 of 64 bytes failed: Запрос ReadProcessMemory или WriteProcessMemory был выполнен только частично. (0x12B)
[0725/160919:WARNING:pe_image_reader.cc(280)] could not read dos header from C:\Program Files (x86)\Google\Chrome\Application\chrome.exe
[0725/160919:ERROR:process_reader_win.cc(232)] ReadMemory at 0x7ffdd7300000 of 64 bytes failed: Запрос ReadProcessMemory или WriteProcessMemory был выполнен только частично. (0x12B)
[0725/160919:WARNING:pe_image_reader.cc(280)] could not read dos header from C:\Windows\SYSTEM32\ntdll.dll
[0725/160919:ERROR:process_reader_win.cc(232)] ReadMemory at 0x7ffdd4870000 of 64 bytes failed: Запрос ReadProcessMemory или WriteProcessMemory был выполнен только частично. (0x12B)
[0725/160919:WARNING:pe_image_reader.cc(280)] could not read dos header from C:\Windows\system32\KERNELBASE.dll
[0725/160919:ERROR:process_reader_win.cc(232)] ReadMemory at 0x7ffdd7050000 of 64 bytes failed: Запрос ReadProcessMemory или WriteProcessMemory был выполнен только частично. (0x12B)
[0725/160919:WARNING:pe_image_reader.cc(280)] could not read dos header from C:\Windows\system32\KERNEL32.dll
[0725/160919:ERROR:process_reader_win.cc(232)] ReadMemory at 0x7ffdd7190000 of 64 bytes failed: Запрос ReadProcessMemory или WriteProcessMemory был выполнен только частично. (0x12B)
[0725/160919:WARNING:pe_image_reader.cc(280)] could not read dos header from C:\Windows\system32\msvcrt.dll
[0725/160919:ERROR:process_reader_win.cc(232)] ReadMemory at 0x7ffdd45b0000 of 64 bytes failed: Запрос ReadProcessMemory или WriteProcessMemory был выполнен только частично. (0x12B)
[0725/160919:WARNING:pe_image_reader.cc(280)] could not read dos header from C:\Windows\system32\SspiCli.dll
[0725/160919:ERROR:process_reader_win.cc(232)] ReadMemory at 0x7ffdd5220000 of 64 bytes failed: Запрос ReadProcessMemory или WriteProcessMemory был выполнен только частично. (0x12B)
[0725/160919:WARNING:pe_image_reader.cc(280)] could not read dos header from C:\Windows\system32\RPCRT4.dll
[0725/160919:ERROR:process_reader_win.cc(232)] ReadMemory at 0x7ffdd6c30000 of 64 bytes failed: Запрос ReadProcessMemory или WriteProcessMemory был выполнен только частично. (0x12B)
[0725/160919:WARNING:pe_image_reader.cc(280)] could not read dos header from C:\Windows\SYSTEM32\sechost.dll
[0725/160919:ERROR:process_reader_win.cc(232)] ReadMemory at 0x7ffdd6d70000 of 64 bytes failed: Запрос ReadProcessMemory или WriteProcessMemory был выполнен только частично. (0x12B)
[0725/160919:WARNING:pe_image_reader.cc(280)] could not read dos header from C:\Windows\system32\ADVAPI32.dll
[0725/160919:ERROR:process_reader_win.cc(232)] ReadMemory at 0x7ffdd4230000 of 64 bytes failed: Запрос ReadProcessMemory или WriteProcessMemory был выполнен только частично. (0x12B)
[0725/160919:WARNING:pe_image_reader.cc(280)] could not read dos header from C:\Windows\SYSTEM32\bcryptPrimitives.dll
[0725/160919:ERROR:process_reader_win.cc(232)] ReadMemory at 0x7ffdd42a0000 of 64 bytes failed: Запрос ReadProcessMemory или WriteProcessMemory был выполнен только частично. (0x12B)
[0725/160919:WARNING:pe_image_reader.cc(280)] could not read dos header from C:\Windows\SYSTEM32\CRYPTBASE.DLL
[0725/160919:ERROR:process_reader_win.cc(232)] ReadMemory at 0x7ffdca230000 of 64 bytes failed: Запрос ReadProcessMemory или WriteProcessMemory был выполнен только частично. (0x12B)
[0725/160919:WARNING:pe_image_reader.cc(280)] could not read dos header from C:\Program Files (x86)\Google\Chrome\Application\51.0.2704.106\chrome_elf.dll
[0725/160919:ERROR:process_reader_win.cc(232)] ReadMemory at 0x7ffdd1fb0000 of 64 bytes failed: Запрос ReadProcessMemory или WriteProcessMemory был выполнен только частично. (0x12B)
[0725/160919:WARNING:pe_image_reader.cc(280)] could not read dos header from C:\Windows\SYSTEM32\VERSION.dll
[0725/160919:ERROR:process_reader_win.cc(232)] ReadMemory at 0x7ffdd4560000 of 64 bytes failed: Запрос ReadProcessMemory или WriteProcessMemory был выполнен только частично. (0x12B)
[0725/160919:WARNING:pe_image_reader.cc(280)] could not read dos header from C:\Windows\SYSTEM32\cfgmgr32.dll
[0725/160919:ERROR:process_reader_win.cc(232)] ReadMemory at 0x7ffdd3320000 of 64 bytes failed: Запрос ReadProcessMemory или WriteProcessMemory был выполнен только частично. (0x12B)
[0725/160919:WARNING:pe_image_reader.cc(280)] could not read dos header from C:\Windows\SYSTEM32\DEVOBJ.dll
[0725/160919:ERROR:process_reader_win.cc(232)] ReadMemory at 0x7ffdd1b70000 of 64 bytes failed: Запрос ReadProcessMemory или WriteProcessMemory был выполнен только частично. (0x12B)
[0725/160919:WARNING:pe_image_reader.cc(280)] could not read dos header from C:\Windows\SYSTEM32\WINMMBASE.dll
[0725/160919:ERROR:process_reader_win.cc(232)] ReadMemory at 0x7ffdd68d0000 of 64 bytes failed: Запрос ReadProcessMemory или WriteProcessMemory был выполнен только частично. (0x12B)
[0725/160919:WARNING:pe_image_reader.cc(280)] could not read dos header from C:\Windows\system32\GDI32.dll
[0725/160919:ERROR:process_reader_win.cc(232)] ReadMemory at 0x7ffdd50a0000 of 64 bytes failed: Запрос ReadProcessMemory или WriteProcessMemory был выполнен только частично. (0x12B)
[0725/160919:WARNING:pe_image_reader.cc(280)] could not read dos header from C:\Windows\system32\USER32.dll
[0725/160919:ERROR:process_reader_win.cc(232)] ReadMemory at 0x7ffdd49a0000 of 64 bytes failed: Запрос ReadProcessMemory или WriteProcessMemory был выполнен только частично. (0x12B)
[0725/160919:WARNING:pe_image_reader.cc(280)] could not read dos header from C:\Windows\system32\MSCTF.dll
[0725/160919:ERROR:process_reader_win.cc(232)] ReadMemory at 0x7ffdd5360000 of 64 bytes failed: Запрос ReadProcessMemory или WriteProcessMemory был выполнен только частично. (0x12B)
[0725/160919:WARNING:pe_image_reader.cc(280)] could not read dos header from C:\Windows\system32\IMM32.DLL
[0725/160919:ERROR:process_reader_win.cc(232)] ReadMemory at 0x7ffdd1f80000 of 64 bytes failed: Запрос ReadProcessMemory или WriteProcessMemory был выполнен только частично. (0x12B)
[0725/160919:WARNING:pe_image_reader.cc(280)] could not read dos header from C:\Windows\SYSTEM32\WINMM.dll
[0725/160919:ERROR:process_reader_win.cc(232)] ReadMemory at 0x7ffdd4430000 of 64 bytes failed: Запрос ReadProcessMemory или WriteProcessMemory был выполнен только частично. (0x12B)
[0725/160919:WARNING:pe_image_reader.cc(280)] could not read dos header from C:\Windows\SYSTEM32\profapi.dll
[0725/160919:ERROR:process_reader_win.cc(232)] ReadMemory at 0x7ffdd3a00000 of 64 bytes failed: Запрос ReadProcessMemory или WriteProcessMemory был выполнен только частично. (0x12B)
[0725/160919:WARNING:pe_image_reader.cc(280)] could not read dos header from C:\Windows\SYSTEM32\USERENV.dll
[0725/160919:ERROR:process_reader_win.cc(232)] ReadMemory at 0x7ffdd2530000 of 64 bytes failed: Запрос ReadProcessMemory или WriteProcessMemory был выполнен только частично. (0x12B)
[0725/160919:WARNING:pe_image_reader.cc(280)] could not read dos header from C:\Windows\SYSTEM32\WTSAPI32.dll
[0725/160919:ERROR:process_reader_win.cc(232)] ReadMemory at 0x7ffdd6e30000 of 64 bytes failed: Запрос ReadProcessMemory или WriteProcessMemory был выполнен только частично. (0x12B)
[0725/160919:WARNING:pe_image_reader.cc(280)] could not read dos header from C:\Windows\SYSTEM32\combase.dll
[0725/160919:ERROR:process_reader_win.cc(232)] ReadMemory at 0x7ffdcb9a0000 of 64 bytes failed: Запрос ReadProcessMemory или WriteProcessMemory был выполнен только частично. (0x12B)
[0725/160919:WARNING:pe_image_reader.cc(280)] could not read dos header from C:\Windows\SYSTEM32\WINHTTP.dll
[0725/160919:ERROR:process_reader_win.cc(232)] ReadMemory at 0x7ffdd6a20000 of 64 bytes failed: Запрос ReadProcessMemory или WriteProcessMemory был выполнен только частично. (0x12B)
[0725/160919:WARNING:pe_image_reader.cc(280)] could not read dos header from C:\Windows\system32\SHLWAPI.dll
[0725/160919:ERROR:process_reader_win.cc(232)] ReadMemory at 0x7ffdd53a0000 of 64 bytes failed: Запрос ReadProcessMemory или WriteProcessMemory был выполнен только частично. (0x12B)
[0725/160919:WARNING:pe_image_reader.cc(280)] could not read dos header from C:\Windows\system32\SHELL32.dll
[0725/160919:ERROR:process_reader_win.cc(232)] ReadMemory at 0x7ffdd29d0000 of 64 bytes failed: Запрос ReadProcessMemory или WriteProcessMemory был выполнен только частично. (0x12B)
[0725/160919:WARNING:pe_image_reader.cc(280)] could not read dos header from C:\Windows\SYSTEM32\shcore.dll
[0725/160919:ERROR:process_reader_win.cc(232)] ReadMemory at 0x7ffdd4b60000 of 64 bytes failed: Запрос ReadProcessMemory или WriteProcessMemory был выполнен только частично. (0x12B)
[0725/160919:WARNING:pe_image_reader.cc(280)] could not read dos header from C:\Windows\system32\PSAPI.DLL
[0725/160919:ERROR:process_reader_win.cc(232)] ReadMemory at 0x7ffdd1a30000 of 64 bytes failed: Запрос ReadProcessMemory или WriteProcessMemory был выполнен только частично. (0x12B)
[0725/160919:WARNING:pe_image_reader.cc(280)] could not read dos header from C:\Windows\SYSTEM32\WINSPOOL.DRV
[0725/160919:ERROR:process_reader_win.cc(232)] ReadMemory at 0x7ffdd2550000 of 64 bytes failed: Запрос ReadProcessMemory или WriteProcessMemory был выполнен только частично. (0x12B)
[0725/160919:WARNING:pe_image_reader.cc(280)] could not read dos header from C:\Windows\WinSxS\amd64_microsoft.windows.common-controls_6595b64144ccf1df_6.0.9600.18006_none_623f33d3ecbe86e8\COMCTL32.dll
[0725/160919:ERROR:process_reader_win.cc(232)] ReadMemory at 0x7ffdd6a80000 of 64 bytes failed: Запрос ReadProcessMemory или WriteProcessMemory был выполнен только частично. (0x12B)
[0725/160919:WARNING:pe_image_reader.cc(280)] could not read dos header from C:\Windows\system32\COMDLG32.dll
[0725/160919:ERROR:process_reader_win.cc(232)] ReadMemory at 0x7ffdd4b70000 of 64 bytes failed: Запрос ReadProcessMemory или WriteProcessMemory был выполнен только частично. (0x12B)
[0725/160919:WARNING:pe_image_reader.cc(280)] could not read dos header from C:\Windows\system32\ole32.dll
[0725/160919:ERROR:process_reader_win.cc(232)] ReadMemory at 0x7ffdd6ca0000 of 64 bytes failed: Запрос ReadProcessMemory или WriteProcessMemory был выполнен только частично. (0x12B)
[0725/160919:WARNING:pe_image_reader.cc(280)] could not read dos header from C:\Windows\system32\OLEAUT32.dll
[0725/160919:ERROR:process_reader_win.cc(232)] ReadMemory at 0x7ffdd6c90000 of 64 bytes failed: Запрос ReadProcessMemory или WriteProcessMemory был выполнен только частично. (0x12B)
[0725/160919:WARNING:pe_image_reader.cc(280)] could not read dos header from C:\Windows\system32\NSI.dll
[0725/160919:ERROR:process_reader_win.cc(232)] ReadMemory at 0x7ffdcebf0000 of 64 bytes failed: Запрос ReadProcessMemory или WriteProcessMemory был выполнен только частично. (0x12B)
[0725/160919:WARNING:pe_image_reader.cc(280)] could not read dos header from C:\Windows\SYSTEM32\WINNSI.DLL
[0725/160919:ERROR:process_reader_win.cc(232)] ReadMemory at 0x7ffdcec20000 of 64 bytes failed: Запрос ReadProcessMemory или WriteProcessMemory был выполнен только частично. (0x12B)
[0725/160919:WARNING:pe_image_reader.cc(280)] could not read dos header from C:\Windows\SYSTEM32\IPHLPAPI.DLL
[0725/160919:ERROR:process_reader_win.cc(232)] ReadMemory at 0x7ffdd4b00000 of 64 bytes failed: Запрос ReadProcessMemory или WriteProcessMemory был выполнен только частично. (0x12B)
[0725/160919:WARNING:pe_image_reader.cc(280)] could not read dos header from C:\Windows\system32\WS2_32.dll
[0725/160919:ERROR:process_reader_win.cc(232)] ReadMemory at 0x7ffdd0d40000 of 64 bytes failed: Запрос ReadProcessMemory или WriteProcessMemory был выполнен только частично. (0x12B)
[0725/160919:WARNING:pe_image_reader.cc(280)] could not read dos header from C:\Windows\SYSTEM32\USP10.dll
[0725/160919:ERROR:process_reader_win.cc(232)] ReadMemory at 0x7ffdd44e0000 of 64 bytes failed: Запрос ReadProcessMemory или WriteProcessMemory был выполнен только частично. (0x12B)
[0725/160919:WARNING:pe_image_reader.cc(280)] could not read dos header from C:\Windows\system32\MSASN1.dll
[0725/160919:ERROR:process_reader_win.cc(232)] ReadMemory at 0x7ffdd45e0000 of 64 bytes failed: Запрос ReadProcessMemory или WriteProcessMemory был выполнен только частично. (0x12B)
[0725/160919:WARNING:pe_image_reader.cc(280)] could not read dos header from C:\Windows\system32\CRYPT32.dll
[0725/160919:ERROR:process_reader_win.cc(232)] ReadMemory at 0x7ffdd4500000 of 64 bytes failed: Запрос ReadProcessMemory или WriteProcessMemory был выполнен только частично. (0x12B)
[0725/160919:WARNING:pe_image_reader.cc(280)] could not read dos header from C:\Windows\system32\WINTRUST.dll
[0725/160919:ERROR:process_reader_win.cc(232)] ReadMemory at 0x7ffdd0ea0000 of 64 bytes failed: Запрос ReadProcessMemory или WriteProcessMemory был выполнен только частично. (0x12B)
[0725/160919:WARNING:pe_image_reader.cc(280)] could not read dos header from C:\Windows\SYSTEM32\Secur32.dll
[0725/160919:ERROR:process_reader_win.cc(232)] ReadMemory at 0x7ffdb5c90000 of 64 bytes failed: Запрос ReadProcessMemory или WriteProcessMemory был выполнен только частично. (0x12B)
[0725/160919:WARNING:pe_image_reader.cc(280)] could not read dos header from C:\Program Files (x86)\Google\Chrome\Application\51.0.2704.106\chrome_child.dll
[0725/160919:ERROR:process_reader_win.cc(232)] ReadMemory at 0x7ffdc8180000 of 64 bytes failed: Запрос ReadProcessMemory или WriteProcessMemory был выполнен только частично. (0x12B)
[0725/160919:WARNING:pe_image_reader.cc(280)] could not read dos header from C:\Program Files\AVAST Software\Avast\x64\aswJsFlt.dll
[0725/160919:ERROR:process_reader_win.cc(232)] ReadMemory at 0x7ffdd1260000 of 64 bytes failed: Запрос ReadProcessMemory или WriteProcessMemory был выполнен только частично. (0x12B)
[0725/160919:WARNING:pe_image_reader.cc(280)] could not read dos header from C:\Windows\SYSTEM32\dwrite.dll
[0725/160919:ERROR:process_reader_win.cc(98)] process 7592 not found
[0725/160919:ERROR:process_reader_win.cc(232)] ReadMemory at 0x7ff795620000 of 64 bytes failed: Запрос ReadProcessMemory или WriteProcessMemory был выполнен только частично. (0x12B)
[0725/160919:WARNING:pe_image_reader.cc(280)] could not read dos header from C:\Program Files (x86)\Google\Chrome\Application\chrome.exe
[0725/160919:ERROR:process_reader_win.cc(232)] ReadMemory at 0x7ffdd7300000 of 64 bytes failed: Запрос ReadProcessMemory или WriteProcessMemory был выполнен только частично. (0x12B)
[0725/160919:WARNING:pe_image_reader.cc(280)] could not read dos header from C:\Windows\SYSTEM32\ntdll.dll
[0725/160919:ERROR:process_reader_win.cc(232)] ReadMemory at 0x7ffdd4870000 of 64 bytes failed: Запрос ReadProcessMemory или WriteProcessMemory был выполнен только частично. (0x12B)
[0725/160919:WARNING:pe_image_reader.cc(280)] could not read dos header from C:\Windows\system32\KERNELBASE.dll
[0725/160919:ERROR:process_reader_win.cc(232)] ReadMemory at 0x7ffdd7050000 of 64 bytes failed: Запрос ReadProcessMemory или WriteProcessMemory был выполнен только частично. (0x12B)
[0725/160919:WARNING:pe_image_reader.cc(280)] could not read dos header from C:\Windows\system32\KERNEL32.dll
[0725/160919:ERROR:process_reader_win.cc(232)] ReadMemory at 0x7ffdd7190000 of 64 bytes failed: Запрос ReadProcessMemory или WriteProcessMemory был выполнен только частично. (0x12B)
[0725/160919:WARNING:pe_image_reader.cc(280)] could not read dos header from C:\Windows\system32\msvcrt.dll
[0725/160919:ERROR:process_reader_win.cc(232)] ReadMemory at 0x7ffdd45b0000 of 64 bytes failed: Запрос ReadProcessMemory или WriteProcessMemory был выполнен только частично. (0x12B)
[0725/160919:WARNING:pe_image_reader.cc(280)] could not read dos header from C:\Windows\system32\SspiCli.dll
[0725/160919:ERROR:process_reader_win.cc(232)] ReadMemory at 0x7ffdd5220000 of 64 bytes failed: Запрос ReadProcessMemory или WriteProcessMemory был выполнен только частично. (0x12B)
[0725/160919:WARNING:pe_image_reader.cc(280)] could not read dos header from C:\Windows\system32\RPCRT4.dll
[0725/160919:ERROR:process_reader_win.cc(232)] ReadMemory at 0x7ffdd6c30000 of 64 bytes failed: Запрос ReadProcessMemory или WriteProcessMemory был выполнен только частично. (0x12B)
[0725/160919:WARNING:pe_image_reader.cc(280)] could not read dos header from C:\Windows\SYSTEM32\sechost.dll
[0725/160919:ERROR:process_reader_win.cc(232)] ReadMemory at 0x7ffdd6d70000 of 64 bytes failed: Запрос ReadProcessMemory или WriteProcessMemory был выполнен только частично. (0x12B)
[0725/160919:WARNING:pe_image_reader.cc(280)] could not read dos header from C:\Windows\system32\ADVAPI32.dll
[0725/160919:ERROR:process_reader_win.cc(232)] ReadMemory at 0x7ffdd4230000 of 64 bytes failed: Запрос ReadProcessMemory или WriteProcessMemory был выполнен только частично. (0x12B)
[0725/160919:WARNING:pe_image_reader.cc(280)] could not read dos header from C:\Windows\SYSTEM32\bcryptPrimitives.dll
[0725/160919:ERROR:process_reader_win.cc(232)] ReadMemory at 0x7ffdd42a0000 of 64 bytes failed: Запрос ReadProcessMemory или WriteProcessMemory был выполнен только частично. (0x12B)
[0725/160919:WARNING:pe_image_reader.cc(280)] could not read dos header from C:\Windows\SYSTEM32\CRYPTBASE.DLL
[0725/160919:ERROR:process_reader_win.cc(232)] ReadMemory at 0x7ffdca230000 of 64 bytes failed: Запрос ReadProcessMemory или WriteProcessMemory был выполнен только частично. (0x12B)
[0725/160919:WARNING:pe_image_reader.cc(280)] could not read dos header from C:\Program Files (x86)\Google\Chrome\Application\51.0.2704.106\chrome_elf.dll
[0725/160919:ERROR:process_reader_win.cc(232)] ReadMemory at 0x7ffdd1fb0000 of 64 bytes failed: Запрос ReadProcessMemory или WriteProcessMemory был выполнен только частично. (0x12B)
[0725/160919:WARNING:pe_image_reader.cc(280)] could not read dos header from C:\Windows\SYSTEM32\VERSION.dll
[0725/160919:ERROR:process_reader_win.cc(232)] ReadMemory at 0x7ffdd4560000 of 64 bytes failed: Запрос ReadProcessMemory или WriteProcessMemory был выполнен только частично. (0x12B)
[0725/160919:WARNING:pe_image_reader.cc(280)] could not read dos header from C:\Windows\SYSTEM32\cfgmgr32.dll
[0725/160919:ERROR:process_reader_win.cc(232)] ReadMemory at 0x7ffdd3320000 of 64 bytes failed: Запрос ReadProcessMemory или WriteProcessMemory был выполнен только частично. (0x12B)
[0725/160919:WARNING:pe_image_reader.cc(280)] could not read dos header from C:\Windows\SYSTEM32\DEVOBJ.dll
[0725/160919:ERROR:process_reader_win.cc(232)] ReadMemory at 0x7ffdd1b70000 of 64 bytes failed: Запрос ReadProcessMemory или WriteProcessMemory был выполнен только частично. (0x12B)
[0725/160919:WARNING:pe_image_reader.cc(280)] could not read dos header from C:\Windows\SYSTEM32\WINMMBASE.dll
[0725/160919:ERROR:process_reader_win.cc(232)] ReadMemory at 0x7ffdd68d0000 of 64 bytes failed: Запрос ReadProcessMemory или WriteProcessMemory был выполнен только частично. (0x12B)
[0725/160919:WARNING:pe_image_reader.cc(280)] could not read dos header from C:\Windows\system32\GDI32.dll
[0725/160919:ERROR:process_reader_win.cc(232)] ReadMemory at 0x7ffdd50a0000 of 64 bytes failed: Запрос ReadProcessMemory или WriteProcessMemory был выполнен только частично. (0x12B)
[0725/160919:WARNING:pe_image_reader.cc(280)] could not read dos header from C:\Windows\system32\USER32.dll
[0725/160919:ERROR:process_reader_win.cc(232)] ReadMemory at 0x7ffdd49a0000 of 64 bytes failed: Запрос ReadProcessMemory или WriteProcessMemory был выполнен только частично. (0x12B)
[0725/160919:WARNING:pe_image_reader.cc(280)] could not read dos header from C:\Windows\system32\MSCTF.dll
[0725/160919:ERROR:process_reader_win.cc(232)] ReadMemory at 0x7ffdd5360000 of 64 bytes failed: Запрос ReadProcessMemory или WriteProcessMemory был выполнен только частично. (0x12B)
[0725/160919:WARNING:pe_image_reader.cc(280)] could not read dos header from C:\Windows\system32\IMM32.DLL
[0725/160919:ERROR:process_reader_win.cc(232)] ReadMemory at 0x7ffdd1f80000 of 64 bytes failed: Запрос ReadProcessMemory или WriteProcessMemory был выполнен только частично. (0x12B)
[0725/160919:WARNING:pe_image_reader.cc(280)] could not read dos header from C:\Windows\SYSTEM32\WINMM.dll
[0725/160919:ERROR:process_reader_win.cc(232)] ReadMemory at 0x7ffdd4430000 of 64 bytes failed: Запрос ReadProcessMemory или WriteProcessMemory был выполнен только частично. (0x12B)
[0725/160919:WARNING:pe_image_reader.cc(280)] could not read dos header from C:\Windows\SYSTEM32\profapi.dll
[0725/160919:ERROR:process_reader_win.cc(232)] ReadMemory at 0x7ffdd3a00000 of 64 bytes failed: Запрос ReadProcessMemory или WriteProcessMemory был выполнен только частично. (0x12B)
[0725/160919:WARNING:pe_image_reader.cc(280)] could not read dos header from C:\Windows\SYSTEM32\USERENV.dll
[0725/160919:ERROR:process_reader_win.cc(232)] ReadMemory at 0x7ffdd2530000 of 64 bytes failed: Запрос ReadProcessMemory или WriteProcessMemory был выполнен только частично. (0x12B)
[0725/160919:WARNING:pe_image_reader.cc(280)] could not read dos header from C:\Windows\SYSTEM32\WTSAPI32.dll
[0725/160919:ERROR:process_reader_win.cc(232)] ReadMemory at 0x7ffdd6e30000 of 64 bytes failed: Запрос ReadProcessMemory или WriteProcessMemory был выполнен только частично. (0x12B)
[0725/160919:WARNING:pe_image_reader.cc(280)] could not read dos header from C:\Windows\SYSTEM32\combase.dll
[0725/160919:ERROR:process_reader_win.cc(232)] ReadMemory at 0x7ffdcb9a0000 of 64 bytes failed: Запрос ReadProcessMemory или WriteProcessMemory был выполнен только частично. (0x12B)
[0725/160919:WARNING:pe_image_reader.cc(280)] could not read dos header from C:\Windows\SYSTEM32\WINHTTP.dll
[0725/160919:ERROR:process_reader_win.cc(232)] ReadMemory at 0x7ffdd6a20000 of 64 bytes failed: Запрос ReadProcessMemory или WriteProcessMemory был выполнен только частично. (0x12B)
[0725/160919:WARNING:pe_image_reader.cc(280)] could not read dos header from C:\Windows\system32\SHLWAPI.dll
[0725/160919:ERROR:process_reader_win.cc(232)] ReadMemory at 0x7ffdd53a0000 of 64 bytes failed: Запрос ReadProcessMemory или WriteProcessMemory был выполнен только частично. (0x12B)
[0725/160919:WARNING:pe_image_reader.cc(280)] could not read dos header from C:\Windows\system32\SHELL32.dll
[0725/160919:ERROR:process_reader_win.cc(232)] ReadMemory at 0x7ffdd29d0000 of 64 bytes failed: Запрос ReadProcessMemory или WriteProcessMemory был выполнен только частично. (0x12B)
[0725/160919:WARNING:pe_image_reader.cc(280)] could not read dos header from C:\Windows\SYSTEM32\shcore.dll
[0725/160919:ERROR:process_reader_win.cc(232)] ReadMemory at 0x7ffdd4b60000 of 64 bytes failed: Запрос ReadProcessMemory или WriteProcessMemory был выполнен только частично. (0x12B)
[0725/160919:WARNING:pe_image_reader.cc(280)] could not read dos header from C:\Windows\system32\PSAPI.DLL
[0725/160919:ERROR:process_reader_win.cc(232)] ReadMemory at 0x7ffdd1a30000 of 64 bytes failed: Запрос ReadProcessMemory или WriteProcessMemory был выполнен только частично. (0x12B)
[0725/160919:WARNING:pe_image_reader.cc(280)] could not read dos header from C:\Windows\SYSTEM32\WINSPOOL.DRV
[0725/160919:ERROR:process_reader_win.cc(232)] ReadMemory at 0x7ffdd2550000 of 64 bytes failed: Запрос ReadProcessMemory или WriteProcessMemory был выполнен только частично. (0x12B)
[0725/160919:WARNING:pe_image_reader.cc(280)] could not read dos header from C:\Windows\WinSxS\amd64_microsoft.windows.common-controls_6595b64144ccf1df_6.0.9600.18006_none_623f33d3ecbe86e8\COMCTL32.dll
[0725/160919:ERROR:process_reader_win.cc(232)] ReadMemory at 0x7ffdd6a80000 of 64 bytes failed: Запрос ReadProcessMemory или WriteProcessMemory был выполнен только частично. (0x12B)
[0725/160919:WARNING:pe_image_reader.cc(280)] could not read dos header from C:\Windows\system32\COMDLG32.dll
[0725/160919:ERROR:process_reader_win.cc(232)] ReadMemory at 0x7ffdd4b70000 of 64 bytes failed: Запрос ReadProcessMemory или WriteProcessMemory был выполнен только частично. (0x12B)
[0725/160919:WARNING:pe_image_reader.cc(280)] could not read dos header from C:\Windows\system32\ole32.dll
[0725/160919:ERROR:process_reader_win.cc(232)] ReadMemory at 0x7ffdd6ca0000 of 64 bytes failed: Запрос ReadProcessMemory или WriteProcessMemory был выполнен только частично. (0x12B)
[0725/160919:WARNING:pe_image_reader.cc(280)] could not read dos header from C:\Windows\system32\OLEAUT32.dll
[0725/160919:ERROR:process_reader_win.cc(232)] ReadMemory at 0x7ffdd6c90000 of 64 bytes failed: Запрос ReadProcessMemory или WriteProcessMemory был выполнен только частично. (0x12B)
[0725/160919:WARNING:pe_image_reader.cc(280)] could not read dos header from C:\Windows\system32\NSI.dll
[0725/160919:ERROR:process_reader_win.cc(232)] ReadMemory at 0x7ffdcebf0000 of 64 bytes failed: Запрос ReadProcessMemory или WriteProcessMemory был выполнен только частично. (0x12B)
[0725/160919:WARNING:pe_image_reader.cc(280)] could not read dos header from C:\Windows\SYSTEM32\WINNSI.DLL
[0725/160919:ERROR:process_reader_win.cc(232)] ReadMemory at 0x7ffdcec20000 of 64 bytes failed: Запрос ReadProcessMemory или WriteProcessMemory был выполнен только частично. (0x12B)
[0725/160919:WARNING:pe_image_reader.cc(280)] could not read dos header from C:\Windows\SYSTEM32\IPHLPAPI.DLL
[0725/160919:ERROR:process_reader_win.cc(232)] ReadMemory at 0x7ffdd4b00000 of 64 bytes failed: Запрос ReadProcessMemory или WriteProcessMemory был выполнен только частично. (0x12B)
[0725/160919:WARNING:pe_image_reader.cc(280)] could not read dos header from C:\Windows\system32\WS2_32.dll
[0725/160919:ERROR:process_reader_win.cc(232)] ReadMemory at 0x7ffdd0d40000 of 64 bytes failed: Запрос ReadProcessMemory или WriteProcessMemory был выполнен только частично. (0x12B)
[0725/160919:WARNING:pe_image_reader.cc(280)] could not read dos header from C:\Windows\SYSTEM32\USP10.dll
[0725/160919:ERROR:process_reader_win.cc(232)] ReadMemory at 0x7ffdd44e0000 of 64 bytes failed: Запрос ReadProcessMemory или WriteProcessMemory был выполнен только частично. (0x12B)
[0725/160919:WARNING:pe_image_reader.cc(280)] could not read dos header from C:\Windows\system32\MSASN1.dll
[0725/160919:ERROR:process_reader_win.cc(232)] ReadMemory at 0x7ffdd45e0000 of 64 bytes failed: Запрос ReadProcessMemory или WriteProcessMemory был выполнен только частично. (0x12B)
[0725/160919:WARNING:pe_image_reader.cc(280)] could not read dos header from C:\Windows\system32\CRYPT32.dll
[0725/160919:ERROR:process_reader_win.cc(232)] ReadMemory at 0x7ffdd4500000 of 64 bytes failed: Запрос ReadProcessMemory или WriteProcessMemory был выполнен только частично. (0x12B)
[0725/160919:WARNING:pe_image_reader.cc(280)] could not read dos header from C:\Windows\system32\WINTRUST.dll
[0725/160919:ERROR:process_reader_win.cc(232)] ReadMemory at 0x7ffdd0ea0000 of 64 bytes failed: Запрос ReadProcessMemory или WriteProcessMemory был выполнен только частично. (0x12B)
[0725/160919:WARNING:pe_image_reader.cc(280)] could not read dos header from C:\Windows\SYSTEM32\Secur32.dll
[0725/160919:ERROR:process_reader_win.cc(232)] ReadMemory at 0x7ffdb5c90000 of 64 bytes failed: Запрос ReadProcessMemory или WriteProcessMemory был выполнен только частично. (0x12B)
[0725/160919:WARNING:pe_image_reader.cc(280)] could not read dos header from C:\Program Files (x86)\Google\Chrome\Application\51.0.2704.106\chrome_child.dll
[0725/160919:ERROR:process_reader_win.cc(232)] ReadMemory at 0x7ffdc8180000 of 64 bytes failed: Запрос ReadProcessMemory или WriteProcessMemory был выполнен только частично. (0x12B)
[0725/160919:WARNING:pe_image_reader.cc(280)] could not read dos header from C:\Program Files\AVAST Software\Avast\x64\aswJsFlt.dll
[0725/160919:ERROR:process_reader_win.cc(232)] ReadMemory at 0x7ffdd1260000 of 64 bytes failed: Запрос ReadProcessMemory или WriteProcessMemory был выполнен только частично. (0x12B)
[0725/160919:WARNING:pe_image_reader.cc(280)] could not read dos header from C:\Windows\SYSTEM32\dwrite.dll
[0725/160919:ERROR:process_reader_win.cc(232)] ReadMemory at 0x7ff795701910 of 12 bytes failed: Запрос ReadProcessMemory или WriteProcessMemory был выполнен только частично. (0x12B)
[0725/160919:WARNING:process_snapshot_win.cc(102)] ReadMemory ExceptionInformation failed
[0725/160919:WARNING:crash_report_exception_handler.cc(60)] ProcessSnapshotWin::InitializeException failed
[0725/160919:ERROR:scoped_process_suspend.cc(38)] NtResumeProcess, ntstatus=-1073741558
